mode: count
github.com/denis-gr/GOCACL_DISTRIBUTED/cmd/agent/agent.go:12.13,14.16 2 1
github.com/denis-gr/GOCACL_DISTRIBUTED/cmd/agent/agent.go:14.16,16.3 1 0
github.com/denis-gr/GOCACL_DISTRIBUTED/cmd/agent/agent.go:17.2,18.16 2 1
github.com/denis-gr/GOCACL_DISTRIBUTED/cmd/agent/agent.go:18.16,20.3 1 0
github.com/denis-gr/GOCACL_DISTRIBUTED/cmd/agent/agent.go:21.2,22.15 2 1
github.com/denis-gr/GOCACL_DISTRIBUTED/cmd/agent/agent.go:22.15,24.3 1 0
github.com/denis-gr/GOCACL_DISTRIBUTED/cmd/agent/agent.go:26.2,28.38 2 1
github.com/denis-gr/GOCACL_DISTRIBUTED/cmd/agent/agent.go:28.38,30.3 1 0
github.com/denis-gr/GOCACL_DISTRIBUTED/cmd/agent/agent.go:32.2,32.9 1 0
github.com/denis-gr/GOCACL_DISTRIBUTED/internal/gen/orchestrator.pb.go:36.24,38.29 2 0
github.com/denis-gr/GOCACL_DISTRIBUTED/internal/gen/orchestrator.pb.go:38.29,42.3 3 0
github.com/denis-gr/GOCACL_DISTRIBUTED/internal/gen/orchestrator.pb.go:45.32,47.2 1 0
github.com/denis-gr/GOCACL_DISTRIBUTED/internal/gen/orchestrator.pb.go:49.30,49.31 0 0
github.com/denis-gr/GOCACL_DISTRIBUTED/internal/gen/orchestrator.pb.go:51.52,53.41 2 0
github.com/denis-gr/GOCACL_DISTRIBUTED/internal/gen/orchestrator.pb.go:53.41,55.34 2 0
github.com/denis-gr/GOCACL_DISTRIBUTED/internal/gen/orchestrator.pb.go:55.34,57.4 1 0
github.com/denis-gr/GOCACL_DISTRIBUTED/internal/gen/orchestrator.pb.go:58.3,58.12 1 0
github.com/denis-gr/GOCACL_DISTRIBUTED/internal/gen/orchestrator.pb.go:60.2,60.24 1 0
github.com/denis-gr/GOCACL_DISTRIBUTED/internal/gen/orchestrator.pb.go:64.43,66.2 1 0
github.com/denis-gr/GOCACL_DISTRIBUTED/internal/gen/orchestrator.pb.go:68.31,69.14 1 0
github.com/denis-gr/GOCACL_DISTRIBUTED/internal/gen/orchestrator.pb.go:69.14,71.3 1 0
github.com/denis-gr/GOCACL_DISTRIBUTED/internal/gen/orchestrator.pb.go:72.2,72.11 1 0
github.com/denis-gr/GOCACL_DISTRIBUTED/internal/gen/orchestrator.pb.go:75.38,76.14 1 0
github.com/denis-gr/GOCACL_DISTRIBUTED/internal/gen/orchestrator.pb.go:76.14,78.3 1 0
github.com/denis-gr/GOCACL_DISTRIBUTED/internal/gen/orchestrator.pb.go:79.2,79.11 1 0
github.com/denis-gr/GOCACL_DISTRIBUTED/internal/gen/orchestrator.pb.go:82.34,83.14 1 0
github.com/denis-gr/GOCACL_DISTRIBUTED/internal/gen/orchestrator.pb.go:83.14,85.3 1 0
github.com/denis-gr/GOCACL_DISTRIBUTED/internal/gen/orchestrator.pb.go:86.2,86.10 1 0
github.com/denis-gr/GOCACL_DISTRIBUTED/internal/gen/orchestrator.pb.go:89.34,90.14 1 0
github.com/denis-gr/GOCACL_DISTRIBUTED/internal/gen/orchestrator.pb.go:90.14,92.3 1 0
github.com/denis-gr/GOCACL_DISTRIBUTED/internal/gen/orchestrator.pb.go:93.2,93.10 1 0
github.com/denis-gr/GOCACL_DISTRIBUTED/internal/gen/orchestrator.pb.go:96.41,97.14 1 0
github.com/denis-gr/GOCACL_DISTRIBUTED/internal/gen/orchestrator.pb.go:97.14,99.3 1 0
github.com/denis-gr/GOCACL_DISTRIBUTED/internal/gen/orchestrator.pb.go:100.2,100.10 1 0
github.com/denis-gr/GOCACL_DISTRIBUTED/internal/gen/orchestrator.pb.go:112.32,114.29 2 0
github.com/denis-gr/GOCACL_DISTRIBUTED/internal/gen/orchestrator.pb.go:114.29,118.3 3 0
github.com/denis-gr/GOCACL_DISTRIBUTED/internal/gen/orchestrator.pb.go:121.40,123.2 1 0
github.com/denis-gr/GOCACL_DISTRIBUTED/internal/gen/orchestrator.pb.go:125.38,125.39 0 0
github.com/denis-gr/GOCACL_DISTRIBUTED/internal/gen/orchestrator.pb.go:127.60,129.41 2 0
github.com/denis-gr/GOCACL_DISTRIBUTED/internal/gen/orchestrator.pb.go:129.41,131.34 2 0
github.com/denis-gr/GOCACL_DISTRIBUTED/internal/gen/orchestrator.pb.go:131.34,133.4 1 0
github.com/denis-gr/GOCACL_DISTRIBUTED/internal/gen/orchestrator.pb.go:134.3,134.12 1 0
github.com/denis-gr/GOCACL_DISTRIBUTED/internal/gen/orchestrator.pb.go:136.2,136.24 1 0
github.com/denis-gr/GOCACL_DISTRIBUTED/internal/gen/orchestrator.pb.go:140.51,142.2 1 0
github.com/denis-gr/GOCACL_DISTRIBUTED/internal/gen/orchestrator.pb.go:144.40,145.14 1 0
github.com/denis-gr/GOCACL_DISTRIBUTED/internal/gen/orchestrator.pb.go:145.14,147.3 1 0
github.com/denis-gr/GOCACL_DISTRIBUTED/internal/gen/orchestrator.pb.go:148.2,148.12 1 0
github.com/denis-gr/GOCACL_DISTRIBUTED/internal/gen/orchestrator.pb.go:161.37,163.29 2 0
github.com/denis-gr/GOCACL_DISTRIBUTED/internal/gen/orchestrator.pb.go:163.29,167.3 3 0
github.com/denis-gr/GOCACL_DISTRIBUTED/internal/gen/orchestrator.pb.go:170.45,172.2 1 0
github.com/denis-gr/GOCACL_DISTRIBUTED/internal/gen/orchestrator.pb.go:174.43,174.44 0 0
github.com/denis-gr/GOCACL_DISTRIBUTED/internal/gen/orchestrator.pb.go:176.65,178.41 2 0
github.com/denis-gr/GOCACL_DISTRIBUTED/internal/gen/orchestrator.pb.go:178.41,180.34 2 0
github.com/denis-gr/GOCACL_DISTRIBUTED/internal/gen/orchestrator.pb.go:180.34,182.4 1 0
github.com/denis-gr/GOCACL_DISTRIBUTED/internal/gen/orchestrator.pb.go:183.3,183.12 1 0
github.com/denis-gr/GOCACL_DISTRIBUTED/internal/gen/orchestrator.pb.go:185.2,185.24 1 0
github.com/denis-gr/GOCACL_DISTRIBUTED/internal/gen/orchestrator.pb.go:189.56,191.2 1 0
github.com/denis-gr/GOCACL_DISTRIBUTED/internal/gen/orchestrator.pb.go:193.44,194.14 1 0
github.com/denis-gr/GOCACL_DISTRIBUTED/internal/gen/orchestrator.pb.go:194.14,196.3 1 0
github.com/denis-gr/GOCACL_DISTRIBUTED/internal/gen/orchestrator.pb.go:197.2,197.11 1 0
github.com/denis-gr/GOCACL_DISTRIBUTED/internal/gen/orchestrator.pb.go:200.49,201.14 1 0
github.com/denis-gr/GOCACL_DISTRIBUTED/internal/gen/orchestrator.pb.go:201.14,203.3 1 0
github.com/denis-gr/GOCACL_DISTRIBUTED/internal/gen/orchestrator.pb.go:204.2,204.10 1 0
github.com/denis-gr/GOCACL_DISTRIBUTED/internal/gen/orchestrator.pb.go:214.25,216.29 2 0
github.com/denis-gr/GOCACL_DISTRIBUTED/internal/gen/orchestrator.pb.go:216.29,220.3 3 0
github.com/denis-gr/GOCACL_DISTRIBUTED/internal/gen/orchestrator.pb.go:223.33,225.2 1 0
github.com/denis-gr/GOCACL_DISTRIBUTED/internal/gen/orchestrator.pb.go:227.31,227.32 0 0
github.com/denis-gr/GOCACL_DISTRIBUTED/internal/gen/orchestrator.pb.go:229.53,231.41 2 0
github.com/denis-gr/GOCACL_DISTRIBUTED/internal/gen/orchestrator.pb.go:231.41,233.34 2 0
github.com/denis-gr/GOCACL_DISTRIBUTED/internal/gen/orchestrator.pb.go:233.34,235.4 1 0
github.com/denis-gr/GOCACL_DISTRIBUTED/internal/gen/orchestrator.pb.go:236.3,236.12 1 0
github.com/denis-gr/GOCACL_DISTRIBUTED/internal/gen/orchestrator.pb.go:238.2,238.24 1 0
github.com/denis-gr/GOCACL_DISTRIBUTED/internal/gen/orchestrator.pb.go:242.44,244.2 1 0
github.com/denis-gr/GOCACL_DISTRIBUTED/internal/gen/orchestrator.pb.go:287.57,288.54 1 0
github.com/denis-gr/GOCACL_DISTRIBUTED/internal/gen/orchestrator.pb.go:288.54,290.3 1 0
github.com/denis-gr/GOCACL_DISTRIBUTED/internal/gen/orchestrator.pb.go:291.2,291.50 1 0
github.com/denis-gr/GOCACL_DISTRIBUTED/internal/gen/orchestrator.pb.go:314.13,314.53 1 0
github.com/denis-gr/GOCACL_DISTRIBUTED/internal/gen/orchestrator.pb.go:315.43,316.42 1 0
github.com/denis-gr/GOCACL_DISTRIBUTED/internal/gen/orchestrator.pb.go:316.42,318.3 1 0
github.com/denis-gr/GOCACL_DISTRIBUTED/internal/gen/orchestrator.pb.go:319.2,319.30 1 0
github.com/denis-gr/GOCACL_DISTRIBUTED/internal/gen/orchestrator.pb.go:319.30,320.95 1 0
github.com/denis-gr/GOCACL_DISTRIBUTED/internal/gen/orchestrator.pb.go:320.95,321.29 1 0
github.com/denis-gr/GOCACL_DISTRIBUTED/internal/gen/orchestrator.pb.go:322.11,323.20 1 0
github.com/denis-gr/GOCACL_DISTRIBUTED/internal/gen/orchestrator.pb.go:324.11,325.24 1 0
github.com/denis-gr/GOCACL_DISTRIBUTED/internal/gen/orchestrator.pb.go:326.11,327.28 1 0
github.com/denis-gr/GOCACL_DISTRIBUTED/internal/gen/orchestrator.pb.go:328.12,329.15 1 0
github.com/denis-gr/GOCACL_DISTRIBUTED/internal/gen/orchestrator.pb.go:332.3,332.95 1 0
github.com/denis-gr/GOCACL_DISTRIBUTED/internal/gen/orchestrator.pb.go:332.95,333.37 1 0
github.com/denis-gr/GOCACL_DISTRIBUTED/internal/gen/orchestrator.pb.go:334.11,335.20 1 0
github.com/denis-gr/GOCACL_DISTRIBUTED/internal/gen/orchestrator.pb.go:336.11,337.24 1 0
github.com/denis-gr/GOCACL_DISTRIBUTED/internal/gen/orchestrator.pb.go:338.11,339.28 1 0
github.com/denis-gr/GOCACL_DISTRIBUTED/internal/gen/orchestrator.pb.go:340.12,341.15 1 0
github.com/denis-gr/GOCACL_DISTRIBUTED/internal/gen/orchestrator.pb.go:344.3,344.95 1 0
github.com/denis-gr/GOCACL_DISTRIBUTED/internal/gen/orchestrator.pb.go:344.95,345.42 1 0
github.com/denis-gr/GOCACL_DISTRIBUTED/internal/gen/orchestrator.pb.go:346.11,347.20 1 0
github.com/denis-gr/GOCACL_DISTRIBUTED/internal/gen/orchestrator.pb.go:348.11,349.24 1 0
github.com/denis-gr/GOCACL_DISTRIBUTED/internal/gen/orchestrator.pb.go:350.11,351.28 1 0
github.com/denis-gr/GOCACL_DISTRIBUTED/internal/gen/orchestrator.pb.go:352.12,353.15 1 0
github.com/denis-gr/GOCACL_DISTRIBUTED/internal/gen/orchestrator.pb.go:356.3,356.95 1 0
github.com/denis-gr/GOCACL_DISTRIBUTED/internal/gen/orchestrator.pb.go:356.95,357.30 1 0
github.com/denis-gr/GOCACL_DISTRIBUTED/internal/gen/orchestrator.pb.go:358.11,359.20 1 0
github.com/denis-gr/GOCACL_DISTRIBUTED/internal/gen/orchestrator.pb.go:360.11,361.24 1 0
github.com/denis-gr/GOCACL_DISTRIBUTED/internal/gen/orchestrator.pb.go:362.11,363.28 1 0
github.com/denis-gr/GOCACL_DISTRIBUTED/internal/gen/orchestrator.pb.go:364.12,365.15 1 0
github.com/denis-gr/GOCACL_DISTRIBUTED/internal/gen/orchestrator.pb.go:369.2,386.45 6 0
github.com/denis-gr/GOCACL_DISTRIBUTED/internal/gen/orchestrator_grpc.pb.go:35.90,37.2 1 0
github.com/denis-gr/GOCACL_DISTRIBUTED/internal/gen/orchestrator_grpc.pb.go:39.125,42.16 3 0
github.com/denis-gr/GOCACL_DISTRIBUTED/internal/gen/orchestrator_grpc.pb.go:42.16,44.3 1 0
github.com/denis-gr/GOCACL_DISTRIBUTED/internal/gen/orchestrator_grpc.pb.go:45.2,45.17 1 0
github.com/denis-gr/GOCACL_DISTRIBUTED/internal/gen/orchestrator_grpc.pb.go:48.133,51.16 3 0
github.com/denis-gr/GOCACL_DISTRIBUTED/internal/gen/orchestrator_grpc.pb.go:51.16,53.3 1 0
github.com/denis-gr/GOCACL_DISTRIBUTED/internal/gen/orchestrator_grpc.pb.go:54.2,54.17 1 0
github.com/denis-gr/GOCACL_DISTRIBUTED/internal/gen/orchestrator_grpc.pb.go:71.103,73.2 1 0
github.com/denis-gr/GOCACL_DISTRIBUTED/internal/gen/orchestrator_grpc.pb.go:74.111,76.2 1 0
github.com/denis-gr/GOCACL_DISTRIBUTED/internal/gen/orchestrator_grpc.pb.go:85.96,87.2 1 0
github.com/denis-gr/GOCACL_DISTRIBUTED/internal/gen/orchestrator_grpc.pb.go:89.172,91.32 2 0
github.com/denis-gr/GOCACL_DISTRIBUTED/internal/gen/orchestrator_grpc.pb.go:91.32,93.3 1 0
github.com/denis-gr/GOCACL_DISTRIBUTED/internal/gen/orchestrator_grpc.pb.go:94.2,94.24 1 0
github.com/denis-gr/GOCACL_DISTRIBUTED/internal/gen/orchestrator_grpc.pb.go:94.24,96.3 1 0
github.com/denis-gr/GOCACL_DISTRIBUTED/internal/gen/orchestrator_grpc.pb.go:97.2,101.77 2 0
github.com/denis-gr/GOCACL_DISTRIBUTED/internal/gen/orchestrator_grpc.pb.go:101.77,103.3 1 0
github.com/denis-gr/GOCACL_DISTRIBUTED/internal/gen/orchestrator_grpc.pb.go:104.2,104.44 1 0
github.com/denis-gr/GOCACL_DISTRIBUTED/internal/gen/orchestrator_grpc.pb.go:107.175,109.32 2 0
github.com/denis-gr/GOCACL_DISTRIBUTED/internal/gen/orchestrator_grpc.pb.go:109.32,111.3 1 0
github.com/denis-gr/GOCACL_DISTRIBUTED/internal/gen/orchestrator_grpc.pb.go:112.2,112.24 1 0
github.com/denis-gr/GOCACL_DISTRIBUTED/internal/gen/orchestrator_grpc.pb.go:112.24,114.3 1 0
github.com/denis-gr/GOCACL_DISTRIBUTED/internal/gen/orchestrator_grpc.pb.go:115.2,119.77 2 0
github.com/denis-gr/GOCACL_DISTRIBUTED/internal/gen/orchestrator_grpc.pb.go:119.77,121.3 1 0
github.com/denis-gr/GOCACL_DISTRIBUTED/internal/gen/orchestrator_grpc.pb.go:122.2,122.44 1 0
github.com/denis-gr/GOCACL_DISTRIBUTED/pkg/calc/calc.go:13.50,16.50 3 31
github.com/denis-gr/GOCACL_DISTRIBUTED/pkg/calc/calc.go:16.50,17.61 1 283
github.com/denis-gr/GOCACL_DISTRIBUTED/pkg/calc/calc.go:17.61,19.4 1 137
github.com/denis-gr/GOCACL_DISTRIBUTED/pkg/calc/calc.go:19.9,19.22 1 146
github.com/denis-gr/GOCACL_DISTRIBUTED/pkg/calc/calc.go:19.22,20.26 1 146
github.com/denis-gr/GOCACL_DISTRIBUTED/pkg/calc/calc.go:20.26,23.5 2 116
github.com/denis-gr/GOCACL_DISTRIBUTED/pkg/calc/calc.go:24.4,24.30 1 146
github.com/denis-gr/GOCACL_DISTRIBUTED/pkg/calc/calc.go:27.2,27.24 1 31
github.com/denis-gr/GOCACL_DISTRIBUTED/pkg/calc/calc.go:27.24,29.3 1 21
github.com/denis-gr/GOCACL_DISTRIBUTED/pkg/calc/calc.go:30.2,30.15 1 31
github.com/denis-gr/GOCACL_DISTRIBUTED/pkg/calc/calc.go:36.32,37.12 1 201
github.com/denis-gr/GOCACL_DISTRIBUTED/pkg/calc/calc.go:38.11,39.11 1 116
github.com/denis-gr/GOCACL_DISTRIBUTED/pkg/calc/calc.go:40.11,41.11 1 4
github.com/denis-gr/GOCACL_DISTRIBUTED/pkg/calc/calc.go:42.11,43.11 1 51
github.com/denis-gr/GOCACL_DISTRIBUTED/pkg/calc/calc.go:44.11,45.11 1 8
github.com/denis-gr/GOCACL_DISTRIBUTED/pkg/calc/calc.go:46.10,47.11 1 22
github.com/denis-gr/GOCACL_DISTRIBUTED/pkg/calc/calc.go:53.42,56.31 3 31
github.com/denis-gr/GOCACL_DISTRIBUTED/pkg/calc/calc.go:56.31,57.10 1 283
github.com/denis-gr/GOCACL_DISTRIBUTED/pkg/calc/calc.go:58.29,59.30 1 137
github.com/denis-gr/GOCACL_DISTRIBUTED/pkg/calc/calc.go:60.17,61.28 1 21
github.com/denis-gr/GOCACL_DISTRIBUTED/pkg/calc/calc.go:62.17,63.53 1 17
github.com/denis-gr/GOCACL_DISTRIBUTED/pkg/calc/calc.go:63.53,66.5 2 20
github.com/denis-gr/GOCACL_DISTRIBUTED/pkg/calc/calc.go:67.4,67.22 1 17
github.com/denis-gr/GOCACL_DISTRIBUTED/pkg/calc/calc.go:67.22,69.5 1 17
github.com/denis-gr/GOCACL_DISTRIBUTED/pkg/calc/calc.go:70.11,71.75 1 108
github.com/denis-gr/GOCACL_DISTRIBUTED/pkg/calc/calc.go:71.75,74.5 2 42
github.com/denis-gr/GOCACL_DISTRIBUTED/pkg/calc/calc.go:75.4,75.28 1 108
github.com/denis-gr/GOCACL_DISTRIBUTED/pkg/calc/calc.go:78.2,78.21 1 31
github.com/denis-gr/GOCACL_DISTRIBUTED/pkg/calc/calc.go:78.21,81.3 2 50
github.com/denis-gr/GOCACL_DISTRIBUTED/pkg/calc/calc.go:82.2,82.15 1 31
github.com/denis-gr/GOCACL_DISTRIBUTED/pkg/calc/calc.go:94.41,96.40 1 16
github.com/denis-gr/GOCACL_DISTRIBUTED/pkg/calc/calc.go:96.40,98.4 1 50
github.com/denis-gr/GOCACL_DISTRIBUTED/pkg/calc/calc.go:99.41,101.4 1 4
github.com/denis-gr/GOCACL_DISTRIBUTED/pkg/calc/calc.go:102.44,104.4 1 28
github.com/denis-gr/GOCACL_DISTRIBUTED/pkg/calc/calc.go:105.42,106.14 1 4
github.com/denis-gr/GOCACL_DISTRIBUTED/pkg/calc/calc.go:106.14,107.42 1 0
github.com/denis-gr/GOCACL_DISTRIBUTED/pkg/calc/calc.go:109.4,109.16 1 4
github.com/denis-gr/GOCACL_DISTRIBUTED/pkg/calc/calc.go:117.65,122.28 4 28
github.com/denis-gr/GOCACL_DISTRIBUTED/pkg/calc/calc.go:122.28,123.16 1 218
github.com/denis-gr/GOCACL_DISTRIBUTED/pkg/calc/calc.go:124.27,125.22 1 90
github.com/denis-gr/GOCACL_DISTRIBUTED/pkg/calc/calc.go:125.22,127.5 1 0
github.com/denis-gr/GOCACL_DISTRIBUTED/pkg/calc/calc.go:128.4,133.17 5 90
github.com/denis-gr/GOCACL_DISTRIBUTED/pkg/calc/calc.go:134.13,135.36 1 50
github.com/denis-gr/GOCACL_DISTRIBUTED/pkg/calc/calc.go:136.13,137.37 1 4
github.com/denis-gr/GOCACL_DISTRIBUTED/pkg/calc/calc.go:138.13,139.40 1 28
github.com/denis-gr/GOCACL_DISTRIBUTED/pkg/calc/calc.go:140.13,141.15 1 8
github.com/denis-gr/GOCACL_DISTRIBUTED/pkg/calc/calc.go:141.15,143.6 1 4
github.com/denis-gr/GOCACL_DISTRIBUTED/pkg/calc/calc.go:144.5,144.38 1 4
github.com/denis-gr/GOCACL_DISTRIBUTED/pkg/calc/calc.go:146.4,146.37 1 86
github.com/denis-gr/GOCACL_DISTRIBUTED/pkg/calc/calc.go:147.11,149.18 2 128
github.com/denis-gr/GOCACL_DISTRIBUTED/pkg/calc/calc.go:149.18,151.5 1 2
github.com/denis-gr/GOCACL_DISTRIBUTED/pkg/calc/calc.go:152.4,152.32 1 126
github.com/denis-gr/GOCACL_DISTRIBUTED/pkg/calc/calc.go:156.2,156.21 1 22
github.com/denis-gr/GOCACL_DISTRIBUTED/pkg/calc/calc.go:156.21,158.3 1 2
github.com/denis-gr/GOCACL_DISTRIBUTED/pkg/calc/calc.go:160.2,160.22 1 20
github.com/denis-gr/GOCACL_DISTRIBUTED/pkg/calc/calc.go:166.47,168.2 1 14
github.com/denis-gr/GOCACL_DISTRIBUTED/internal/agent/agent.go:18.48,20.16 2 0
github.com/denis-gr/GOCACL_DISTRIBUTED/internal/agent/agent.go:20.16,22.3 1 0
github.com/denis-gr/GOCACL_DISTRIBUTED/internal/agent/agent.go:23.2,27.6 3 0
github.com/denis-gr/GOCACL_DISTRIBUTED/internal/agent/agent.go:27.6,30.18 3 0
github.com/denis-gr/GOCACL_DISTRIBUTED/internal/agent/agent.go:30.18,33.18 3 0
github.com/denis-gr/GOCACL_DISTRIBUTED/internal/agent/agent.go:33.18,35.5 1 0
github.com/denis-gr/GOCACL_DISTRIBUTED/internal/agent/agent.go:37.3,37.34 1 0
github.com/denis-gr/GOCACL_DISTRIBUTED/internal/agent/agent.go:41.60,46.16 4 1
github.com/denis-gr/GOCACL_DISTRIBUTED/internal/agent/agent.go:46.16,48.9 2 0
github.com/denis-gr/GOCACL_DISTRIBUTED/internal/agent/agent.go:48.9,49.35 1 0
github.com/denis-gr/GOCACL_DISTRIBUTED/internal/agent/agent.go:49.35,51.5 1 0
github.com/denis-gr/GOCACL_DISTRIBUTED/internal/agent/agent.go:52.4,52.78 1 0
github.com/denis-gr/GOCACL_DISTRIBUTED/internal/agent/agent.go:53.9,55.14 2 0
github.com/denis-gr/GOCACL_DISTRIBUTED/internal/agent/agent.go:57.3,57.13 1 0
github.com/denis-gr/GOCACL_DISTRIBUTED/internal/agent/agent.go:60.2,60.22 1 1
github.com/denis-gr/GOCACL_DISTRIBUTED/internal/agent/agent.go:63.55,67.24 3 7
github.com/denis-gr/GOCACL_DISTRIBUTED/internal/agent/agent.go:68.11,69.33 1 2
github.com/denis-gr/GOCACL_DISTRIBUTED/internal/agent/agent.go:70.11,71.33 1 1
github.com/denis-gr/GOCACL_DISTRIBUTED/internal/agent/agent.go:72.11,73.33 1 1
github.com/denis-gr/GOCACL_DISTRIBUTED/internal/agent/agent.go:74.11,75.21 1 2
github.com/denis-gr/GOCACL_DISTRIBUTED/internal/agent/agent.go:75.21,77.4 1 1
github.com/denis-gr/GOCACL_DISTRIBUTED/internal/agent/agent.go:77.9,79.4 1 1
github.com/denis-gr/GOCACL_DISTRIBUTED/internal/agent/agent.go:80.10,81.13 1 1
github.com/denis-gr/GOCACL_DISTRIBUTED/internal/agent/agent.go:84.2,89.3 2 7
github.com/denis-gr/GOCACL_DISTRIBUTED/internal/agent/agent.go:92.90,97.16 4 1
github.com/denis-gr/GOCACL_DISTRIBUTED/internal/agent/agent.go:97.16,99.3 1 0
github.com/denis-gr/GOCACL_DISTRIBUTED/internal/agent/agent.go:101.2,101.12 1 1
github.com/denis-gr/GOCACL_DISTRIBUTED/cmd/orchestrator/orchestrator.go:11.13,13.16 2 0
github.com/denis-gr/GOCACL_DISTRIBUTED/cmd/orchestrator/orchestrator.go:13.16,15.3 1 0
github.com/denis-gr/GOCACL_DISTRIBUTED/cmd/orchestrator/orchestrator.go:16.2,17.20 2 0
github.com/denis-gr/GOCACL_DISTRIBUTED/cmd/orchestrator/orchestrator.go:17.20,19.3 1 0
github.com/denis-gr/GOCACL_DISTRIBUTED/cmd/orchestrator/orchestrator.go:20.2,21.16 2 0
github.com/denis-gr/GOCACL_DISTRIBUTED/cmd/orchestrator/orchestrator.go:21.16,23.3 1 0
github.com/denis-gr/GOCACL_DISTRIBUTED/internal/orchestrator/db.go:22.52,25.2 2 13
github.com/denis-gr/GOCACL_DISTRIBUTED/internal/orchestrator/db.go:27.52,30.2 2 3
github.com/denis-gr/GOCACL_DISTRIBUTED/internal/orchestrator/db.go:32.47,51.16 4 12
github.com/denis-gr/GOCACL_DISTRIBUTED/internal/orchestrator/db.go:51.16,53.3 1 0
github.com/denis-gr/GOCACL_DISTRIBUTED/internal/orchestrator/db.go:54.2,55.16 2 12
github.com/denis-gr/GOCACL_DISTRIBUTED/internal/orchestrator/db.go:55.16,57.3 1 0
github.com/denis-gr/GOCACL_DISTRIBUTED/internal/orchestrator/db.go:59.2,59.12 1 12
github.com/denis-gr/GOCACL_DISTRIBUTED/internal/orchestrator/db.go:62.48,64.46 2 12
github.com/denis-gr/GOCACL_DISTRIBUTED/internal/orchestrator/db.go:64.46,65.29 1 12
github.com/denis-gr/GOCACL_DISTRIBUTED/internal/orchestrator/db.go:65.29,66.45 1 99
github.com/denis-gr/GOCACL_DISTRIBUTED/internal/orchestrator/db.go:66.45,68.10 2 1
github.com/denis-gr/GOCACL_DISTRIBUTED/internal/orchestrator/db.go:72.2,72.15 1 12
github.com/denis-gr/GOCACL_DISTRIBUTED/internal/orchestrator/db.go:72.15,73.48 1 1
github.com/denis-gr/GOCACL_DISTRIBUTED/internal/orchestrator/db.go:73.48,75.4 1 0
github.com/denis-gr/GOCACL_DISTRIBUTED/internal/orchestrator/db.go:77.2,78.16 2 12
github.com/denis-gr/GOCACL_DISTRIBUTED/internal/orchestrator/db.go:78.16,80.3 1 0
github.com/denis-gr/GOCACL_DISTRIBUTED/internal/orchestrator/db.go:82.2,83.16 2 12
github.com/denis-gr/GOCACL_DISTRIBUTED/internal/orchestrator/db.go:83.16,85.3 1 0
github.com/denis-gr/GOCACL_DISTRIBUTED/internal/orchestrator/db.go:87.2,88.16 2 12
github.com/denis-gr/GOCACL_DISTRIBUTED/internal/orchestrator/db.go:88.16,90.3 1 0
github.com/denis-gr/GOCACL_DISTRIBUTED/internal/orchestrator/db.go:92.2,92.35 1 12
github.com/denis-gr/GOCACL_DISTRIBUTED/internal/orchestrator/db.go:95.29,96.28 1 11
github.com/denis-gr/GOCACL_DISTRIBUTED/internal/orchestrator/db.go:96.28,98.3 1 11
github.com/denis-gr/GOCACL_DISTRIBUTED/internal/orchestrator/db.go:99.2,99.12 1 0
github.com/denis-gr/GOCACL_DISTRIBUTED/internal/orchestrator/db.go:102.68,104.16 2 14
github.com/denis-gr/GOCACL_DISTRIBUTED/internal/orchestrator/db.go:104.16,106.3 1 0
github.com/denis-gr/GOCACL_DISTRIBUTED/internal/orchestrator/db.go:107.2,109.28 2 14
github.com/denis-gr/GOCACL_DISTRIBUTED/internal/orchestrator/db.go:109.28,111.3 1 1
github.com/denis-gr/GOCACL_DISTRIBUTED/internal/orchestrator/db.go:113.2,113.29 1 13
github.com/denis-gr/GOCACL_DISTRIBUTED/internal/orchestrator/db.go:113.29,115.3 1 0
github.com/denis-gr/GOCACL_DISTRIBUTED/internal/orchestrator/db.go:117.2,117.28 1 13
github.com/denis-gr/GOCACL_DISTRIBUTED/internal/orchestrator/db.go:117.28,119.3 1 0
github.com/denis-gr/GOCACL_DISTRIBUTED/internal/orchestrator/db.go:121.2,121.29 1 13
github.com/denis-gr/GOCACL_DISTRIBUTED/internal/orchestrator/db.go:121.29,123.3 1 0
github.com/denis-gr/GOCACL_DISTRIBUTED/internal/orchestrator/db.go:125.2,126.16 2 13
github.com/denis-gr/GOCACL_DISTRIBUTED/internal/orchestrator/db.go:126.16,128.3 1 0
github.com/denis-gr/GOCACL_DISTRIBUTED/internal/orchestrator/db.go:130.2,132.16 3 13
github.com/denis-gr/GOCACL_DISTRIBUTED/internal/orchestrator/db.go:132.16,134.3 1 0
github.com/denis-gr/GOCACL_DISTRIBUTED/internal/orchestrator/db.go:135.2,135.27 1 13
github.com/denis-gr/GOCACL_DISTRIBUTED/internal/orchestrator/db.go:135.27,137.3 1 1
github.com/denis-gr/GOCACL_DISTRIBUTED/internal/orchestrator/db.go:139.2,141.16 2 12
github.com/denis-gr/GOCACL_DISTRIBUTED/internal/orchestrator/db.go:141.16,143.3 1 0
github.com/denis-gr/GOCACL_DISTRIBUTED/internal/orchestrator/db.go:145.2,150.18 2 12
github.com/denis-gr/GOCACL_DISTRIBUTED/internal/orchestrator/db.go:153.70,158.16 4 2
github.com/denis-gr/GOCACL_DISTRIBUTED/internal/orchestrator/db.go:158.16,159.27 1 0
github.com/denis-gr/GOCACL_DISTRIBUTED/internal/orchestrator/db.go:159.27,161.4 1 0
github.com/denis-gr/GOCACL_DISTRIBUTED/internal/orchestrator/db.go:162.3,162.27 1 0
github.com/denis-gr/GOCACL_DISTRIBUTED/internal/orchestrator/db.go:165.2,165.18 1 2
github.com/denis-gr/GOCACL_DISTRIBUTED/internal/orchestrator/db.go:168.50,170.16 2 1
github.com/denis-gr/GOCACL_DISTRIBUTED/internal/orchestrator/db.go:170.16,172.3 1 0
github.com/denis-gr/GOCACL_DISTRIBUTED/internal/orchestrator/db.go:173.2,176.18 3 1
github.com/denis-gr/GOCACL_DISTRIBUTED/internal/orchestrator/db.go:176.18,179.17 3 2
github.com/denis-gr/GOCACL_DISTRIBUTED/internal/orchestrator/db.go:179.17,181.4 1 0
github.com/denis-gr/GOCACL_DISTRIBUTED/internal/orchestrator/db.go:182.3,182.30 1 2
github.com/denis-gr/GOCACL_DISTRIBUTED/internal/orchestrator/db.go:185.2,185.19 1 1
github.com/denis-gr/GOCACL_DISTRIBUTED/internal/orchestrator/db.go:188.74,193.16 4 3
github.com/denis-gr/GOCACL_DISTRIBUTED/internal/orchestrator/db.go:193.16,194.27 1 0
github.com/denis-gr/GOCACL_DISTRIBUTED/internal/orchestrator/db.go:194.27,196.4 1 0
github.com/denis-gr/GOCACL_DISTRIBUTED/internal/orchestrator/db.go:197.3,197.20 1 0
github.com/denis-gr/GOCACL_DISTRIBUTED/internal/orchestrator/db.go:200.2,200.56 1 3
github.com/denis-gr/GOCACL_DISTRIBUTED/internal/orchestrator/db.go:203.95,205.16 2 5
github.com/denis-gr/GOCACL_DISTRIBUTED/internal/orchestrator/db.go:205.16,207.3 1 0
github.com/denis-gr/GOCACL_DISTRIBUTED/internal/orchestrator/db.go:208.2,210.58 2 5
github.com/denis-gr/GOCACL_DISTRIBUTED/internal/orchestrator/db.go:213.115,216.16 2 17
github.com/denis-gr/GOCACL_DISTRIBUTED/internal/orchestrator/db.go:216.16,218.3 1 0
github.com/denis-gr/GOCACL_DISTRIBUTED/internal/orchestrator/db.go:220.2,227.24 2 17
github.com/denis-gr/GOCACL_DISTRIBUTED/internal/orchestrator/db.go:230.66,235.16 4 2
github.com/denis-gr/GOCACL_DISTRIBUTED/internal/orchestrator/db.go:235.16,236.27 1 0
github.com/denis-gr/GOCACL_DISTRIBUTED/internal/orchestrator/db.go:236.27,238.4 1 0
github.com/denis-gr/GOCACL_DISTRIBUTED/internal/orchestrator/db.go:239.3,239.29 1 0
github.com/denis-gr/GOCACL_DISTRIBUTED/internal/orchestrator/db.go:242.2,242.24 1 2
github.com/denis-gr/GOCACL_DISTRIBUTED/internal/orchestrator/db.go:245.76,247.16 2 5
github.com/denis-gr/GOCACL_DISTRIBUTED/internal/orchestrator/db.go:247.16,249.3 1 0
github.com/denis-gr/GOCACL_DISTRIBUTED/internal/orchestrator/db.go:250.2,250.12 1 5
github.com/denis-gr/GOCACL_DISTRIBUTED/internal/orchestrator/db.go:253.59,255.16 2 2
github.com/denis-gr/GOCACL_DISTRIBUTED/internal/orchestrator/db.go:255.16,257.3 1 0
github.com/denis-gr/GOCACL_DISTRIBUTED/internal/orchestrator/db.go:258.2,261.18 3 2
github.com/denis-gr/GOCACL_DISTRIBUTED/internal/orchestrator/db.go:261.18,264.17 3 2
github.com/denis-gr/GOCACL_DISTRIBUTED/internal/orchestrator/db.go:264.17,266.4 1 0
github.com/denis-gr/GOCACL_DISTRIBUTED/internal/orchestrator/db.go:267.3,267.48 1 2
github.com/denis-gr/GOCACL_DISTRIBUTED/internal/orchestrator/db.go:270.2,270.25 1 2
github.com/denis-gr/GOCACL_DISTRIBUTED/internal/orchestrator/db.go:273.80,275.16 2 1
github.com/denis-gr/GOCACL_DISTRIBUTED/internal/orchestrator/db.go:275.16,277.3 1 0
github.com/denis-gr/GOCACL_DISTRIBUTED/internal/orchestrator/db.go:278.2,281.18 3 1
github.com/denis-gr/GOCACL_DISTRIBUTED/internal/orchestrator/db.go:281.18,284.17 3 2
github.com/denis-gr/GOCACL_DISTRIBUTED/internal/orchestrator/db.go:284.17,286.4 1 0
github.com/denis-gr/GOCACL_DISTRIBUTED/internal/orchestrator/db.go:287.3,287.48 1 2
github.com/denis-gr/GOCACL_DISTRIBUTED/internal/orchestrator/db.go:290.2,290.25 1 1
github.com/denis-gr/GOCACL_DISTRIBUTED/internal/orchestrator/logic.go:30.62,38.2 1 1
github.com/denis-gr/GOCACL_DISTRIBUTED/internal/orchestrator/logic.go:40.81,45.13 4 10
github.com/denis-gr/GOCACL_DISTRIBUTED/internal/orchestrator/logic.go:46.11,47.48 1 4
github.com/denis-gr/GOCACL_DISTRIBUTED/internal/orchestrator/logic.go:48.11,49.51 1 2
github.com/denis-gr/GOCACL_DISTRIBUTED/internal/orchestrator/logic.go:50.11,51.55 1 2
github.com/denis-gr/GOCACL_DISTRIBUTED/internal/orchestrator/logic.go:52.11,53.49 1 2
github.com/denis-gr/GOCACL_DISTRIBUTED/internal/orchestrator/logic.go:55.2,69.15 8 10
github.com/denis-gr/GOCACL_DISTRIBUTED/internal/orchestrator/logic.go:72.83,77.13 4 4
github.com/denis-gr/GOCACL_DISTRIBUTED/internal/orchestrator/logic.go:77.13,79.3 1 0
github.com/denis-gr/GOCACL_DISTRIBUTED/internal/orchestrator/logic.go:80.2,80.16 1 4
github.com/denis-gr/GOCACL_DISTRIBUTED/internal/orchestrator/logic.go:80.16,82.3 1 2
github.com/denis-gr/GOCACL_DISTRIBUTED/internal/orchestrator/logic.go:82.8,85.3 2 2
github.com/denis-gr/GOCACL_DISTRIBUTED/internal/orchestrator/logic.go:86.2,88.16 3 4
github.com/denis-gr/GOCACL_DISTRIBUTED/internal/orchestrator/logic.go:88.16,90.3 1 0
github.com/denis-gr/GOCACL_DISTRIBUTED/internal/orchestrator/logic.go:93.93,103.40 4 12
github.com/denis-gr/GOCACL_DISTRIBUTED/internal/orchestrator/logic.go:103.40,105.4 1 4
github.com/denis-gr/GOCACL_DISTRIBUTED/internal/orchestrator/logic.go:106.41,108.4 1 2
github.com/denis-gr/GOCACL_DISTRIBUTED/internal/orchestrator/logic.go:109.44,111.4 1 2
github.com/denis-gr/GOCACL_DISTRIBUTED/internal/orchestrator/logic.go:112.42,113.14 1 2
github.com/denis-gr/GOCACL_DISTRIBUTED/internal/orchestrator/logic.go:113.14,114.42 1 0
github.com/denis-gr/GOCACL_DISTRIBUTED/internal/orchestrator/logic.go:116.4,116.46 1 2
github.com/denis-gr/GOCACL_DISTRIBUTED/internal/orchestrator/logic.go:120.2,125.12 2 12
github.com/denis-gr/GOCACL_DISTRIBUTED/internal/orchestrator/logic.go:125.12,131.3 2 12
github.com/denis-gr/GOCACL_DISTRIBUTED/internal/orchestrator/logic.go:133.2,133.12 1 12
github.com/denis-gr/GOCACL_DISTRIBUTED/internal/orchestrator/logic.go:133.12,136.3 2 12
github.com/denis-gr/GOCACL_DISTRIBUTED/internal/orchestrator/logic.go:138.2,138.39 1 12
github.com/denis-gr/GOCACL_DISTRIBUTED/internal/orchestrator/logic.go:142.92,146.2 3 12
github.com/denis-gr/GOCACL_DISTRIBUTED/internal/orchestrator/logic.go:149.46,151.16 2 1
github.com/denis-gr/GOCACL_DISTRIBUTED/internal/orchestrator/logic.go:151.16,152.13 1 0
github.com/denis-gr/GOCACL_DISTRIBUTED/internal/orchestrator/logic.go:154.2,154.35 1 1
github.com/denis-gr/GOCACL_DISTRIBUTED/internal/orchestrator/logic.go:154.35,156.3 1 0
github.com/denis-gr/GOCACL_DISTRIBUTED/internal/orchestrator/logic.go:160.79,164.34 4 2
github.com/denis-gr/GOCACL_DISTRIBUTED/internal/orchestrator/logic.go:164.34,166.3 1 8
github.com/denis-gr/GOCACL_DISTRIBUTED/internal/orchestrator/logic.go:167.2,167.59 1 2
github.com/denis-gr/GOCACL_DISTRIBUTED/internal/orchestrator/logic.go:171.90,175.9 4 10
github.com/denis-gr/GOCACL_DISTRIBUTED/internal/orchestrator/logic.go:175.9,177.3 1 0
github.com/denis-gr/GOCACL_DISTRIBUTED/internal/orchestrator/logic.go:178.2,180.8 1 10
github.com/denis-gr/GOCACL_DISTRIBUTED/internal/orchestrator/logic.go:184.65,187.32 3 4
github.com/denis-gr/GOCACL_DISTRIBUTED/internal/orchestrator/logic.go:187.32,189.10 2 6
github.com/denis-gr/GOCACL_DISTRIBUTED/internal/orchestrator/logic.go:189.10,192.4 2 4
github.com/denis-gr/GOCACL_DISTRIBUTED/internal/orchestrator/logic.go:194.2,194.36 1 0
github.com/denis-gr/GOCACL_DISTRIBUTED/internal/orchestrator/logic.go:198.70,202.32 4 1
github.com/denis-gr/GOCACL_DISTRIBUTED/internal/orchestrator/logic.go:202.32,212.3 2 10
github.com/denis-gr/GOCACL_DISTRIBUTED/internal/orchestrator/logic.go:213.2,213.48 1 1
github.com/denis-gr/GOCACL_DISTRIBUTED/internal/orchestrator/logic.go:217.77,221.9 4 3
github.com/denis-gr/GOCACL_DISTRIBUTED/internal/orchestrator/logic.go:221.9,223.3 1 1
github.com/denis-gr/GOCACL_DISTRIBUTED/internal/orchestrator/logic.go:224.2,225.12 2 2
github.com/denis-gr/GOCACL_DISTRIBUTED/internal/orchestrator/server.go:24.13,27.16 3 1
github.com/denis-gr/GOCACL_DISTRIBUTED/internal/orchestrator/server.go:27.16,28.13 1 0
github.com/denis-gr/GOCACL_DISTRIBUTED/internal/orchestrator/server.go:30.2,31.25 2 1
github.com/denis-gr/GOCACL_DISTRIBUTED/internal/orchestrator/server.go:34.58,43.16 6 0
github.com/denis-gr/GOCACL_DISTRIBUTED/internal/orchestrator/server.go:43.16,45.3 1 0
github.com/denis-gr/GOCACL_DISTRIBUTED/internal/orchestrator/server.go:47.2,47.12 1 0
github.com/denis-gr/GOCACL_DISTRIBUTED/internal/orchestrator/server.go:47.12,49.56 2 0
github.com/denis-gr/GOCACL_DISTRIBUTED/internal/orchestrator/server.go:49.56,51.4 1 0
github.com/denis-gr/GOCACL_DISTRIBUTED/internal/orchestrator/server.go:55.2,58.12 4 0
github.com/denis-gr/GOCACL_DISTRIBUTED/internal/orchestrator/server.go:61.31,83.2 17 14
github.com/denis-gr/GOCACL_DISTRIBUTED/internal/orchestrator/server.go:86.66,88.61 2 3
github.com/denis-gr/GOCACL_DISTRIBUTED/internal/orchestrator/server.go:88.61,91.3 2 1
github.com/denis-gr/GOCACL_DISTRIBUTED/internal/orchestrator/server.go:92.2,92.46 1 2
github.com/denis-gr/GOCACL_DISTRIBUTED/internal/orchestrator/server.go:92.46,94.59 1 0
github.com/denis-gr/GOCACL_DISTRIBUTED/internal/orchestrator/server.go:94.59,97.4 2 0
github.com/denis-gr/GOCACL_DISTRIBUTED/internal/orchestrator/server.go:98.3,99.9 2 0
github.com/denis-gr/GOCACL_DISTRIBUTED/internal/orchestrator/server.go:101.2,102.35 2 2
github.com/denis-gr/GOCACL_DISTRIBUTED/internal/orchestrator/server.go:105.71,113.2 3 14
github.com/denis-gr/GOCACL_DISTRIBUTED/internal/orchestrator/server.go:116.63,120.60 4 2
github.com/denis-gr/GOCACL_DISTRIBUTED/internal/orchestrator/server.go:120.60,123.3 2 1
github.com/denis-gr/GOCACL_DISTRIBUTED/internal/orchestrator/server.go:124.2,125.27 2 1
github.com/denis-gr/GOCACL_DISTRIBUTED/internal/orchestrator/server.go:125.27,128.3 2 0
github.com/denis-gr/GOCACL_DISTRIBUTED/internal/orchestrator/server.go:129.2,130.16 2 1
github.com/denis-gr/GOCACL_DISTRIBUTED/internal/orchestrator/server.go:130.16,133.3 2 0
github.com/denis-gr/GOCACL_DISTRIBUTED/internal/orchestrator/server.go:134.2,135.16 2 1
github.com/denis-gr/GOCACL_DISTRIBUTED/internal/orchestrator/server.go:135.16,138.3 2 0
github.com/denis-gr/GOCACL_DISTRIBUTED/internal/orchestrator/server.go:139.2,142.16 4 1
github.com/denis-gr/GOCACL_DISTRIBUTED/internal/orchestrator/server.go:142.16,145.3 2 0
github.com/denis-gr/GOCACL_DISTRIBUTED/internal/orchestrator/server.go:149.57,150.71 1 36
github.com/denis-gr/GOCACL_DISTRIBUTED/internal/orchestrator/server.go:150.71,151.16 1 36
github.com/denis-gr/GOCACL_DISTRIBUTED/internal/orchestrator/server.go:151.16,152.36 1 36
github.com/denis-gr/GOCACL_DISTRIBUTED/internal/orchestrator/server.go:152.36,155.5 2 0
github.com/denis-gr/GOCACL_DISTRIBUTED/internal/orchestrator/server.go:157.3,157.23 1 36
github.com/denis-gr/GOCACL_DISTRIBUTED/internal/orchestrator/server.go:161.53,163.23 2 12
github.com/denis-gr/GOCACL_DISTRIBUTED/internal/orchestrator/server.go:163.23,165.3 1 0
github.com/denis-gr/GOCACL_DISTRIBUTED/internal/orchestrator/server.go:166.2,167.83 2 12
github.com/denis-gr/GOCACL_DISTRIBUTED/internal/orchestrator/server.go:167.83,168.58 1 12
github.com/denis-gr/GOCACL_DISTRIBUTED/internal/orchestrator/server.go:168.58,170.4 1 0
github.com/denis-gr/GOCACL_DISTRIBUTED/internal/orchestrator/server.go:171.3,171.31 1 12
github.com/denis-gr/GOCACL_DISTRIBUTED/internal/orchestrator/server.go:173.2,173.16 1 12
github.com/denis-gr/GOCACL_DISTRIBUTED/internal/orchestrator/server.go:173.16,175.3 1 0
github.com/denis-gr/GOCACL_DISTRIBUTED/internal/orchestrator/server.go:176.2,176.67 1 12
github.com/denis-gr/GOCACL_DISTRIBUTED/internal/orchestrator/server.go:176.67,177.27 1 12
github.com/denis-gr/GOCACL_DISTRIBUTED/internal/orchestrator/server.go:177.27,178.51 1 12
github.com/denis-gr/GOCACL_DISTRIBUTED/internal/orchestrator/server.go:178.51,180.35 2 12
github.com/denis-gr/GOCACL_DISTRIBUTED/internal/orchestrator/server.go:180.35,182.6 1 0
github.com/denis-gr/GOCACL_DISTRIBUTED/internal/orchestrator/server.go:183.10,185.5 1 0
github.com/denis-gr/GOCACL_DISTRIBUTED/internal/orchestrator/server.go:187.3,187.27 1 12
github.com/denis-gr/GOCACL_DISTRIBUTED/internal/orchestrator/server.go:187.27,190.4 2 12
github.com/denis-gr/GOCACL_DISTRIBUTED/internal/orchestrator/server.go:192.2,192.29 1 0
github.com/denis-gr/GOCACL_DISTRIBUTED/internal/orchestrator/server.go:196.63,198.61 2 7
github.com/denis-gr/GOCACL_DISTRIBUTED/internal/orchestrator/server.go:198.61,201.3 2 1
github.com/denis-gr/GOCACL_DISTRIBUTED/internal/orchestrator/server.go:202.2,204.16 3 6
github.com/denis-gr/GOCACL_DISTRIBUTED/internal/orchestrator/server.go:204.16,207.3 2 0
github.com/denis-gr/GOCACL_DISTRIBUTED/internal/orchestrator/server.go:208.2,209.16 2 6
github.com/denis-gr/GOCACL_DISTRIBUTED/internal/orchestrator/server.go:209.16,212.3 2 0
github.com/denis-gr/GOCACL_DISTRIBUTED/internal/orchestrator/server.go:213.2,215.16 3 6
github.com/denis-gr/GOCACL_DISTRIBUTED/internal/orchestrator/server.go:215.16,216.13 1 0
github.com/denis-gr/GOCACL_DISTRIBUTED/internal/orchestrator/server.go:221.68,223.16 2 1
github.com/denis-gr/GOCACL_DISTRIBUTED/internal/orchestrator/server.go:223.16,226.3 2 0
github.com/denis-gr/GOCACL_DISTRIBUTED/internal/orchestrator/server.go:227.2,230.16 4 1
github.com/denis-gr/GOCACL_DISTRIBUTED/internal/orchestrator/server.go:230.16,231.13 1 0
github.com/denis-gr/GOCACL_DISTRIBUTED/internal/orchestrator/server.go:236.71,238.16 2 5
github.com/denis-gr/GOCACL_DISTRIBUTED/internal/orchestrator/server.go:238.16,241.3 2 0
github.com/denis-gr/GOCACL_DISTRIBUTED/internal/orchestrator/server.go:242.2,245.24 4 5
github.com/denis-gr/GOCACL_DISTRIBUTED/internal/orchestrator/server.go:245.24,248.3 2 0
github.com/denis-gr/GOCACL_DISTRIBUTED/internal/orchestrator/server.go:249.2,251.16 3 5
github.com/denis-gr/GOCACL_DISTRIBUTED/internal/orchestrator/server.go:251.16,252.13 1 0
github.com/denis-gr/GOCACL_DISTRIBUTED/internal/orchestrator/server.go:260.103,262.24 2 2
github.com/denis-gr/GOCACL_DISTRIBUTED/internal/orchestrator/server.go:262.24,264.3 1 0
github.com/denis-gr/GOCACL_DISTRIBUTED/internal/orchestrator/server.go:265.2,265.16 1 2
github.com/denis-gr/GOCACL_DISTRIBUTED/internal/orchestrator/server.go:265.16,267.3 1 0
github.com/denis-gr/GOCACL_DISTRIBUTED/internal/orchestrator/server.go:268.2,276.8 1 2
github.com/denis-gr/GOCACL_DISTRIBUTED/internal/orchestrator/server.go:279.111,284.16 2 2
github.com/denis-gr/GOCACL_DISTRIBUTED/internal/orchestrator/server.go:284.16,286.3 1 1
github.com/denis-gr/GOCACL_DISTRIBUTED/internal/orchestrator/server.go:287.2,287.25 1 1
github.com/denis-gr/GOCACL_DISTRIBUTED/internal/orchestrator/server_v0.go:12.65,14.61 2 7
github.com/denis-gr/GOCACL_DISTRIBUTED/internal/orchestrator/server_v0.go:14.61,17.3 2 1
github.com/denis-gr/GOCACL_DISTRIBUTED/internal/orchestrator/server_v0.go:18.2,20.16 3 6
github.com/denis-gr/GOCACL_DISTRIBUTED/internal/orchestrator/server_v0.go:20.16,23.3 2 0
github.com/denis-gr/GOCACL_DISTRIBUTED/internal/orchestrator/server_v0.go:24.2,26.16 3 6
github.com/denis-gr/GOCACL_DISTRIBUTED/internal/orchestrator/server_v0.go:26.16,27.13 1 0
github.com/denis-gr/GOCACL_DISTRIBUTED/internal/orchestrator/server_v0.go:32.70,36.16 4 1
github.com/denis-gr/GOCACL_DISTRIBUTED/internal/orchestrator/server_v0.go:36.16,37.13 1 0
github.com/denis-gr/GOCACL_DISTRIBUTED/internal/orchestrator/server_v0.go:42.73,46.24 4 5
github.com/denis-gr/GOCACL_DISTRIBUTED/internal/orchestrator/server_v0.go:46.24,49.3 2 0
github.com/denis-gr/GOCACL_DISTRIBUTED/internal/orchestrator/server_v0.go:50.2,52.16 3 5
github.com/denis-gr/GOCACL_DISTRIBUTED/internal/orchestrator/server_v0.go:52.16,53.13 1 0
github.com/denis-gr/GOCACL_DISTRIBUTED/internal/orchestrator/server_v0.go:58.63,60.24 2 2
github.com/denis-gr/GOCACL_DISTRIBUTED/internal/orchestrator/server_v0.go:60.24,63.3 2 0
github.com/denis-gr/GOCACL_DISTRIBUTED/internal/orchestrator/server_v0.go:64.2,66.16 3 2
github.com/denis-gr/GOCACL_DISTRIBUTED/internal/orchestrator/server_v0.go:66.16,67.13 1 0
github.com/denis-gr/GOCACL_DISTRIBUTED/internal/orchestrator/server_v0.go:72.70,74.61 2 2
github.com/denis-gr/GOCACL_DISTRIBUTED/internal/orchestrator/server_v0.go:74.61,77.3 2 1
github.com/denis-gr/GOCACL_DISTRIBUTED/internal/orchestrator/server_v0.go:78.2,79.24 2 1
github.com/denis-gr/GOCACL_DISTRIBUTED/internal/orchestrator/server_v0.go:79.24,82.3 2 0
github.com/denis-gr/GOCACL_DISTRIBUTED/internal/orchestrator/server_v0.go:83.2,83.30 1 1
github.com/denis-gr/GOCACL_DISTRIBUTED/internal/orchestrator/server_v0.go:87.64,91.16 4 1
github.com/denis-gr/GOCACL_DISTRIBUTED/internal/orchestrator/server_v0.go:91.16,92.13 1 0
